<?xml version="1.0" encoding="UTF-8"?>
<coverage generated="1747937753515" clover="3.2.0">
  <project timestamp="1747937753515" name="All files">
    <metrics statements="74" coveredstatements="50" conditionals="9" coveredconditionals="4" methods="14" coveredmethods="10" elements="97" coveredelements="64" complexity="0" loc="74" ncloc="74" packages="3" files="3" classes="3"/>
    <package name="core">
      <metrics statements="47" coveredstatements="35" conditionals="5" coveredconditionals="3" methods="7" coveredmethods="6"/>
      <file name="sierpinskiMiningProtocol.ts" path="/project/sandbox/user-workspace/SMLP_Project/src/core/sierpinskiMiningProtocol.ts">
        <metrics statements="47" coveredstatements="35" conditionals="5" coveredconditionals="3" methods="7" coveredmethods="6"/>
        <line num="4" count="1" type="stmt"/>
        <line num="5" count="1" type="stmt"/>
        <line num="7" count="1" type="stmt"/>
        <line num="8" count="1" type="stmt"/>
        <line num="18" count="7" type="stmt"/>
        <line num="19" count="7" type="stmt"/>
        <line num="27" count="2" type="cond" truecount="1" falsecount="0"/>
        <line num="28" count="1" type="stmt"/>
        <line num="30" count="1" type="stmt"/>
        <line num="33" count="2" type="stmt"/>
        <line num="34" count="2" type="stmt"/>
        <line num="35" count="2" type="stmt"/>
        <line num="36" count="2" type="stmt"/>
        <line num="38" count="2" type="stmt"/>
        <line num="39" count="19" type="stmt"/>
        <line num="40" count="19" type="stmt"/>
        <line num="41" count="19" type="stmt"/>
        <line num="42" count="19" type="cond" truecount="1" falsecount="0"/>
        <line num="43" count="2" type="stmt"/>
        <line num="45" count="17" type="stmt"/>
        <line num="46" count="17" type="stmt"/>
        <line num="48" count="0" type="stmt"/>
        <line num="53" count="3" type="cond" truecount="0" falsecount="1"/>
        <line num="54" count="0" type="stmt"/>
        <line num="56" count="3" type="stmt"/>
        <line num="57" count="3" type="stmt"/>
        <line num="62" count="2" type="stmt"/>
        <line num="67" count="1" type="stmt"/>
        <line num="68" count="1" type="stmt"/>
        <line num="69" count="1" type="stmt"/>
        <line num="70" count="1" type="stmt"/>
        <line num="71" count="1" type="stmt"/>
        <line num="73" count="1" type="cond" truecount="0" falsecount="1"/>
        <line num="74" count="0" type="stmt"/>
        <line num="78" count="1" type="stmt"/>
        <line num="81" count="0" type="stmt"/>
        <line num="84" count="0" type="stmt"/>
        <line num="85" count="0" type="stmt"/>
        <line num="86" count="0" type="stmt"/>
        <line num="87" count="0" type="stmt"/>
        <line num="89" count="0" type="stmt"/>
        <line num="93" count="0" type="stmt"/>
        <line num="95" count="0" type="stmt"/>
        <line num="105" count="0" type="stmt"/>
        <line num="110" count="13" type="cond" truecount="1" falsecount="0"/>
        <line num="111" count="1" type="stmt"/>
        <line num="114" count="12" type="stmt"/>
      </file>
    </package>
    <package name="economics">
      <metrics statements="13" coveredstatements="2" conditionals="2" coveredconditionals="0" methods="4" coveredmethods="1"/>
      <file name="tripleBurnProtocol.ts" path="/project/sandbox/user-workspace/SMLP_Project/src/economics/tripleBurnProtocol.ts">
        <metrics statements="13" coveredstatements="2" conditionals="2" coveredconditionals="0" methods="4" coveredmethods="1"/>
        <line num="4" count="1" type="stmt"/>
        <line num="8" count="7" type="stmt"/>
        <line num="13" count="0" type="cond" truecount="0" falsecount="1"/>
        <line num="14" count="0" type="stmt"/>
        <line num="16" count="0" type="stmt"/>
        <line num="17" count="0" type="stmt"/>
        <line num="22" count="0" type="cond" truecount="0" falsecount="1"/>
        <line num="23" count="0" type="stmt"/>
        <line num="25" count="0" type="stmt"/>
        <line num="26" count="0" type="stmt"/>
        <line num="27" count="0" type="stmt"/>
        <line num="28" count="0" type="stmt"/>
        <line num="32" count="0" type="stmt"/>
      </file>
    </package>
    <package name="matrix">
      <metrics statements="14" coveredstatements="13" conditionals="2" coveredconditionals="1" methods="3" coveredmethods="3"/>
      <file name="fractalCoordinateSystem.ts" path="/project/sandbox/user-workspace/SMLP_Project/src/matrix/fractalCoordinateSystem.ts">
        <metrics statements="14" coveredstatements="13" conditionals="2" coveredconditionals="1" methods="3" coveredmethods="3"/>
        <line num="4" count="1" type="stmt"/>
        <line num="7" count="9" type="cond" truecount="0" falsecount="1"/>
        <line num="8" count="0" type="stmt"/>
        <line num="10" count="9" type="cond" truecount="1" falsecount="0"/>
        <line num="11" count="3" type="stmt"/>
        <line num="14" count="6" type="stmt"/>
        <line num="15" count="6" type="stmt"/>
        <line num="17" count="6" type="stmt"/>
        <line num="18" count="12" type="stmt"/>
        <line num="19" count="12" type="stmt"/>
        <line num="20" count="12" type="stmt"/>
        <line num="21" count="12" type="stmt"/>
        <line num="24" count="6" type="stmt"/>
        <line num="29" count="10" type="stmt"/>
      </file>
    </package>
  </project>
</coverage>
